Removed Pin From Net: NetName=GND Pin=C2-1
Removed Pin From Net: NetName=GND Pin=C2-1
Added Component: Designator=U?(28P3)
Add component (AddParameter): Name = "ComponentLink1Description"; Value = "Manufacturer URL"; VariantName = "[No Variations]"
Add component (AddParameter): Name = "ComponentLink1URL"; Value = "http://www.atmel.com/"; VariantName = "[No Variations]"
Add component (AddParameter): Name = "ComponentLink2Description"; Value = "ATmega48A/48PA/88A/88PA/168A/168PA/328/328P Datasheet"; VariantName = "[No Variations]"
Add component (AddParameter): Name = "ComponentLink2URL"; Value = "http://www.atmel.com/dyn/resources/prod_documents/8271.pdf"; VariantName = "[No Variations]"
Add component (AddParameter): Name = "ComponentLink3Description"; Value = "ATmega48A/48PA/88A/88PA/168A/168PA/328/328P Summary"; VariantName = "[No Variations]"
Add component (AddParameter): Name = "ComponentLink3URL"; Value = "http://www.atmel.com/dyn/resources/prod_documents/8271S.pdf"; VariantName = "[No Variations]"
Add component (AddParameter): Name = "DatasheetVersion"; Value = "revD, May-2011"; VariantName = "[No Variations]"
Add component (AddParameter): Name = "PackageDescription"; Value = "28-lead (0.300"/7.62mm Wide) Plastic Dual Inline Package (PDIP)"; VariantName = "[No Variations]"
Add component (AddParameter): Name = "PackageReference"; Value = "28P3"; VariantName = "[No Variations]"
Add component (AddParameter): Name = "PackageVersion"; Value = "revB, Sep-2001"; VariantName = "[No Variations]"
Add component (AddParameter): Name = "RevisionNote"; Value = "DatasheetVersion updated. URLs added."; VariantName = "[No Variations]"
Add Component: Footprint Not Found XTAL_ECS-160-S-1X
Added Pin To Net: NetName=NetR1_2 Pin=U?-1
Added Pin To Net: NetName=NetMD?_35 Pin=U?-2
Added Pin To Net: NetName=NetMD?_34 Pin=U?-3
Added Pin To Net: NetName=5V Pin=U?-7
Added Pin To Net: NetName=GND Pin=U?-8
Added Pin To Net: NetName=5V Pin=U?-20
Added Pin To Net: NetName=GND Pin=U?-22
Added Pin To Net: NetName=NetC2_1 Pin=C2-1
Added Pin To Net: NetName=NetC2_1 Pin=U?-9
Added Net: Name=NetC2_1
Add Net: Net with name "NetC2_1" already exists
Added Member To Class: ClassName=synchronous Member=Component C2 02013A220JAT2A
Added Member To Class: ClassName=synchronous Member=Component U? ATmega328P-PU
Add Class Member: Failed to add class member : Component Y1 ECS-160-S-1X
