Added Component: Designator=DS1(AVAG-HSMX-C170_V)
Add component (AddParameter): Name = "Bulb Size"; Value = "1.25mmx1.4mm"; VariantName = "[No Variations]"
Add component (AddParameter): Name = "Datasheet URL"; Value = "https://datasheet.ciiva.com/29280/180495-da-01-en-chip-led-hsmg-c170-gelb-gruen-29280971.pdf"; VariantName = "[No Variations]"
Add component (AddParameter): Name = "Datasheet Version"; Value = "Oct-08"; VariantName = "[No Variations]"
Add component (AddParameter): Name = "Dominant Wavelength"; Value = "572nm"; VariantName = "[No Variations]"
Add component (AddParameter): Name = "Dominant Wavelength Typ"; Value = "572nm"; VariantName = "[No Variations]"
Add component (AddParameter): Name = "External Depth"; Value = "0.8mm"; VariantName = "[No Variations]"
Add component (AddParameter): Name = "External Length / Height"; Value = "2mm"; VariantName = "[No Variations]"
Add component (AddParameter): Name = "External Width"; Value = "1.25mm"; VariantName = "[No Variations]"
Add component (AddParameter): Name = "Forward Current If"; Value = "20mA"; VariantName = "[No Variations]"
Add component (AddParameter): Name = "Forward Current If Max"; Value = "20mA"; VariantName = "[No Variations]"
Add component (AddParameter): Name = "Forward Voltage"; Value = "2.2V"; VariantName = "[No Variations]"
Add component (AddParameter): Name = "Forward Voltage VF Max"; Value = "2.6V"; VariantName = "[No Variations]"
Add component (AddParameter): Name = "LED Colour"; Value = "Green"; VariantName = "[No Variations]"
Add component (AddParameter): Name = "LED Mounting"; Value = "SMD"; VariantName = "[No Variations]"
Add component (AddParameter): Name = "LED Type"; Value = "Standard"; VariantName = "[No Variations]"
Add component (AddParameter): Name = "Lens Shape"; Value = "Rectangular"; VariantName = "[No Variations]"
Add component (AddParameter): Name = "Light Area Height"; Value = "1mm"; VariantName = "[No Variations]"
Add component (AddParameter): Name = "Luminous Intensity"; Value = "15mcd"; VariantName = "[No Variations]"
Add component (AddParameter): Name = "Luminous Intensity Min"; Value = "4mcd"; VariantName = "[No Variations]"
Add component (AddParameter): Name = "Luminous Intensity Typ"; Value = "15mcd"; VariantName = "[No Variations]"
Add component (AddParameter): Name = "Manufacturer"; Value = "Avago"; VariantName = "[No Variations]"
Add component (AddParameter): Name = "Manufacturer URL"; Value = "http://www.avagotech.com/"; VariantName = "[No Variations]"
Add component (AddParameter): Name = "Mounting Type"; Value = "SMD"; VariantName = "[No Variations]"
Add component (AddParameter): Name = "MSL"; Value = "MSL2A-4weeks"; VariantName = "[No Variations]"
Add component (AddParameter): Name = "No. of Pins"; Value = "2"; VariantName = "[No Variations]"
Add component (AddParameter): Name = "Operating Temperature Max"; Value = "85degC"; VariantName = "[No Variations]"
Add component (AddParameter): Name = "Operating Temperature Min"; Value = "-30degC"; VariantName = "[No Variations]"
Add component (AddParameter): Name = "Operating Temperature Range"; Value = "-30degCto+85degC"; VariantName = "[No Variations]"
Add component (AddParameter): Name = "Opto Case Style"; Value = "SMD"; VariantName = "[No Variations]"
Add component (AddParameter): Name = "Opto Mounting Orientation"; Value = "Top"; VariantName = "[No Variations]"
Add component (AddParameter): Name = "Package Description"; Value = "2-Pin Surface Mount Device, Body 2 x 1.25 mm, Height 0.8 mm"; VariantName = "[No Variations]"
Add component (AddParameter): Name = "Package Reference"; Value = "HSMX-C170"; VariantName = "[No Variations]"
Add component (AddParameter): Name = "Packaging"; Value = "CutTape"; VariantName = "[No Variations]"
Add component (AddParameter): Name = "Peak Forward Current"; Value = "20mA"; VariantName = "[No Variations]"
Add component (AddParameter): Name = "Peak Wavelength"; Value = "570nm"; VariantName = "[No Variations]"
Add component (AddParameter): Name = "PIV Max"; Value = "5V"; VariantName = "[No Variations]"
Add component (AddParameter): Name = "Storage Temperature Max"; Value = "85degC"; VariantName = "[No Variations]"
Add component (AddParameter): Name = "Storage Temperature Min"; Value = "-40degC"; VariantName = "[No Variations]"
Add component (AddParameter): Name = "SVHC"; Value = "NoSVHC(16-Jun-2014)"; VariantName = "[No Variations]"
Add component (AddParameter): Name = "Viewing Angle"; Value = "170deg"; VariantName = "[No Variations]"
Add component (AddParameter): Name = "Voltage Vf Typ"; Value = "2.2V"; VariantName = "[No Variations]"
Add component (AddParameter): Name = "Wavelength Typ"; Value = "570nm"; VariantName = "[No Variations]"
Added Component: Designator=R6(RESC2013X60X35ML10T20)
Add component (AddParameter): Name = "Case Code (Imperial)"; Value = "0805"; VariantName = "[No Variations]"
Add component (AddParameter): Name = "Case Code (Metric)"; Value = "2012"; VariantName = "[No Variations]"
Add component (AddParameter): Name = "Case/Package"; Value = "0805"; VariantName = "[No Variations]"
Add component (AddParameter): Name = "Composition"; Value = "ThickFilm"; VariantName = "[No Variations]"
Add component (AddParameter): Name = "Datasheet URL"; Value = "http://www.yageo.com/NewPortal/yageodocoutput?fileName=/pdf/R-Chip/PYu-RC_Group_51_RoHS_L_5.pdf"; VariantName = "[No Variations]"
Add component (AddParameter): Name = "Datasheet Version"; Value = "Rev. 5, 10/2016"; VariantName = "[No Variations]"
Add component (AddParameter): Name = "Depth"; Value = "1.25mm"; VariantName = "[No Variations]"
Add component (AddParameter): Name = "Height"; Value = "0.024inch"; VariantName = "[No Variations]"
Add component (AddParameter): Name = "Lead Free"; Value = "LeadFree"; VariantName = "[No Variations]"
Add component (AddParameter): Name = "Length"; Value = "0.079inch"; VariantName = "[No Variations]"
Add component (AddParameter): Name = "Manufacturer"; Value = "Yageo"; VariantName = "[No Variations]"
Add component (AddParameter): Name = "Manufacturer URL"; Value = "http://www.yageo.com/"; VariantName = "[No Variations]"
Add component (AddParameter): Name = "Max Operating Temperature"; Value = "155degC"; VariantName = "[No Variations]"
Add component (AddParameter): Name = "Max Power Dissipation"; Value = "125mW"; VariantName = "[No Variations]"
Add component (AddParameter): Name = "Military Standard"; Value = "Not"; VariantName = "[No Variations]"
Add component (AddParameter): Name = "Min Operating Temperature"; Value = "-55degC"; VariantName = "[No Variations]"
Add component (AddParameter): Name = "Number of Pins"; Value = "2"; VariantName = "[No Variations]"
Add component (AddParameter): Name = "Number of Terminations"; Value = "2"; VariantName = "[No Variations]"
Add component (AddParameter): Name = "Package Description"; Value = "2-Pin Surface Mounted Device, Body 2 x 1.25 mm"; VariantName = "[No Variations]"
Add component (AddParameter): Name = "Package Quantity"; Value = "1"; VariantName = "[No Variations]"
Add component (AddParameter): Name = "Package Reference"; Value = "0805"; VariantName = "[No Variations]"
Add component (AddParameter): Name = "Packaging"; Value = "TapeandReel"; VariantName = "[No Variations]"
Add component (AddParameter): Name = "Power Rating"; Value = "125mW"; VariantName = "[No Variations]"
Add component (AddParameter): Name = "REACH SVHC"; Value = "Unknown"; VariantName = "[No Variations]"
Add component (AddParameter): Name = "Resistance"; Value = "1KOhm"; VariantName = "[No Variations]"
Add component (AddParameter): Name = "RoHSCompliant"; Value = "true"; VariantName = "[No Variations]"
Add component (AddParameter): Name = "Temperature Coefficient"; Value = "100ppm/degreesC"; VariantName = "[No Variations]"
Add component (AddParameter): Name = "Termination"; Value = "SMD/SMT"; VariantName = "[No Variations]"
Add component (AddParameter): Name = "Tolerance"; Value = "1%"; VariantName = "[No Variations]"
Add component (AddParameter): Name = "Voltage Rating"; Value = "150V"; VariantName = "[No Variations]"
Add component (AddParameter): Name = "Voltage Rating (DC)"; Value = "150V"; VariantName = "[No Variations]"
Add component (AddParameter): Name = "Width"; Value = "0.049inch"; VariantName = "[No Variations]"
Added Pin To Net: NetName=GND Pin=R6-1
Added Pin To Net: NetName=NetDS1_1 Pin=DS1-1
Added Pin To Net: NetName=NetDS1_1 Pin=U1-19
Added Net: Name=NetDS1_1
Added Pin To Net: NetName=NetDS1_2 Pin=DS1-2
Added Pin To Net: NetName=NetDS1_2 Pin=R6-2
Added Net: Name=NetDS1_2
Added Member To Class: ClassName=Synchronous Member=Component DS1 HSMG-C170
Added Member To Class: ClassName=Synchronous Member=Component R6 RC0805FR-071KL
