Added Component: Designator=J4(HRO_TYPE-C-31-M-12)
Add component (AddParameter): Name = "Availability"; Value = "Not in stock"; VariantName = "[No Variations]"
Add component (AddParameter): Name = "Check_prices"; Value = "https://www.snapeda.com/parts/TYPE-C-31-M-12/HRO+Electronics+Co.%252C+Ltd./view-part/?ref=eda"; VariantName = "[No Variations]"
Add component (AddParameter): Name = "Component Type"; Value = "Standard"; VariantName = "[No Variations]"
Add component (AddParameter): Name = "Design Item ID"; Value = "TYPE-C-31-M-12"; VariantName = "[No Variations]"
Add component (AddParameter): Name = "MF"; Value = "HRO Electronics Co., Ltd."; VariantName = "[No Variations]"
Add component (AddParameter): Name = "MP"; Value = "TYPE-C-31-M-12"; VariantName = "[No Variations]"
Add component (AddParameter): Name = "Package"; Value = "Package"; VariantName = "[No Variations]"
Add component (AddParameter): Name = "Pin Count"; Value = "16"; VariantName = "[No Variations]"
Add component (AddParameter): Name = "Price"; Value = "None"; VariantName = "[No Variations]"
Add component (AddParameter): Name = "SnapEDA_Link"; Value = "https://www.snapeda.com/parts/TYPE-C-31-M-12/HRO+Electronics+Co.%252C+Ltd./view-part/?ref=snap"; VariantName = "[No Variations]"
Add component (AddParameter): Name = "Source"; Value = "TYPE-C-31-M-12.SchLib"; VariantName = "[No Variations]"
Add component (AddParameter): Name = "Value"; Value = ""; VariantName = "[No Variations]"
Add Component: Footprint Not Found RESC1608X55N
Add Component: Footprint Not Found RESC1608X55N
Added Pin To Net: NetName=GND Pin=J4-A1_B12
Added Pin To Net: NetName=USBC_5V Pin=J4-A4_B9
Added Pin To Net: NetName=NetJ4_A5 Pin=J4-A5
Added Pin To Net: NetName=D+ Pin=J4-A6
Added Pin To Net: NetName=D- Pin=J4-A7
Added Pin To Net: NetName=GND Pin=J4-B1_A12
Added Pin To Net: NetName=USBC_5V Pin=J4-B4_A9
Added Pin To Net: NetName=NetJ4_B5 Pin=J4-B5
Added Pin To Net: NetName=D+ Pin=J4-B6
Added Pin To Net: NetName=D- Pin=J4-B7
Added Pin To Net: NetName=GND Pin=J4-S1
Added Pin To Net: NetName=GND Pin=J4-S2
Added Pin To Net: NetName=GND Pin=J4-S3
Added Pin To Net: NetName=GND Pin=J4-S4
Add Pin To Net: Unknown Pin: Pin R8-1
Add Pin To Net: Unknown Pin: Pin R8-2
Add Pin To Net: Unknown Pin: Pin R9-1
Add Pin To Net: Unknown Pin: Pin R9-2
Added Member To Class: ClassName=Power Member=Component J4 TYPE-C-31-M-12
Add Class Member: Failed to add class member : Component R8 0603WAF5101T5E
Add Class Member: Failed to add class member : Component R9 0603WAF5101T5E
