Change Component Designator: OldDesignator=C11_Stepper_Alt NewDesignator=C11A
Change Component Designator: OldDesignator=C11_Stepper_AZ NewDesignator=C11B
Change Component Designator: OldDesignator=J5_Stepper_Alt NewDesignator=J5A
Change Component Designator: OldDesignator=J5_Stepper_AZ NewDesignator=J5B
Change Component Designator: OldDesignator=P2_Stepper_Alt NewDesignator=P2A
Change Component Designator: OldDesignator=P2_Stepper_AZ NewDesignator=P2B
Change Component Designator: OldDesignator=P3_Stepper_Alt NewDesignator=P3A
Change Component Designator: OldDesignator=P3_Stepper_AZ NewDesignator=P3B
Change Component Designator: OldDesignator=SW3_Stepper_Alt NewDesignator=SW3A
Change Component Designator: OldDesignator=SW3_Stepper_AZ NewDesignator=SW3B
Change Net Name : Old Net Name=NetJ5_Stepper_Alt_1 New Net Name=NetJ5A_1
Change Net Name : Old Net Name=NetJ5_Stepper_Alt_2 New Net Name=NetJ5A_2
Change Net Name : Old Net Name=NetJ5_Stepper_Alt_3 New Net Name=NetJ5A_3
Change Net Name : Old Net Name=NetJ5_Stepper_Alt_4 New Net Name=NetJ5A_4
Change Net Name : Old Net Name=NetJ5_Stepper_AZ_1 New Net Name=NetJ5B_1
Change Net Name : Old Net Name=NetJ5_Stepper_AZ_2 New Net Name=NetJ5B_2
Change Net Name : Old Net Name=NetJ5_Stepper_AZ_3 New Net Name=NetJ5B_3
Change Net Name : Old Net Name=NetJ5_Stepper_AZ_4 New Net Name=NetJ5B_4
Change Net Name : Old Net Name=NetP2_Stepper_Alt_1 New Net Name=NetP2A_1
Change Net Name : Old Net Name=NetP2_Stepper_Alt_2 New Net Name=NetP2A_2
Change Net Name : Old Net Name=NetP2_Stepper_Alt_3 New Net Name=NetP2A_3
Change Net Name : Old Net Name=NetP2_Stepper_Alt_4 New Net Name=NetP2A_4
Change Net Name : Old Net Name=NetP2_Stepper_Alt_5 New Net Name=NetP2A_5
Change Net Name : Old Net Name=NetP2_Stepper_Alt_7 New Net Name=NetP2A_7
Change Net Name : Old Net Name=NetP2_Stepper_Alt_8 New Net Name=NetP2A_8
Change Net Name : Old Net Name=NetP2_Stepper_AZ_1 New Net Name=NetP2B_1
Change Net Name : Old Net Name=NetP2_Stepper_AZ_2 New Net Name=NetP2B_2
Change Net Name : Old Net Name=NetP2_Stepper_AZ_3 New Net Name=NetP2B_3
Change Net Name : Old Net Name=NetP2_Stepper_AZ_4 New Net Name=NetP2B_4
Change Net Name : Old Net Name=NetP2_Stepper_AZ_5 New Net Name=NetP2B_5
Change Net Name : Old Net Name=NetP2_Stepper_AZ_7 New Net Name=NetP2B_7
Change Net Name : Old Net Name=NetP2_Stepper_AZ_8 New Net Name=NetP2B_8
