Removed Pin From Net: NetName=RX_channel Pin=J1-4
Removed Pin From Net: NetName=RX_ESP Pin=U1-3
Removed Pin From Net: NetName=RX_channel Pin=U2-35
Change Component Designator: OldDesignator=C11A NewDesignator=C11_Stepper_Alt
Change Component Designator: OldDesignator=C11B NewDesignator=C11_Stepper_AZ
Change Component Designator: OldDesignator=J5A NewDesignator=J5_Stepper_Alt
Change Component Designator: OldDesignator=J5B NewDesignator=J5_Stepper_AZ
Change Component Designator: OldDesignator=P2A NewDesignator=P2_Stepper_Alt
Change Component Designator: OldDesignator=P2B NewDesignator=P2_Stepper_AZ
Change Component Designator: OldDesignator=P3A NewDesignator=P3_Stepper_Alt
Change Component Designator: OldDesignator=P3B NewDesignator=P3_Stepper_AZ
Change Component Designator: OldDesignator=SW3A NewDesignator=SW3_Stepper_Alt
Change Component Designator: OldDesignator=SW3B NewDesignator=SW3_Stepper_AZ
Added Component: Designator=R7(FP-CR0805-IPC_C)
Add component (AddParameter): Name = "Case Code (Imperial)"; Value = "0805"; VariantName = "[No Variations]"
Add component (AddParameter): Name = "Case Code (Metric)"; Value = "2012"; VariantName = "[No Variations]"
Add component (AddParameter): Name = "Case/Package"; Value = "0805"; VariantName = "[No Variations]"
Add component (AddParameter): Name = "Composition"; Value = "Thick Film"; VariantName = "[No Variations]"
Add component (AddParameter): Name = "Contact Plating"; Value = "Tin"; VariantName = "[No Variations]"
Add component (AddParameter): Name = "Depth"; Value = "1.25mm"; VariantName = "[No Variations]"
Add component (AddParameter): Name = "Height"; Value = "0.5mm"; VariantName = "[No Variations]"
Add component (AddParameter): Name = "Length"; Value = "2mm"; VariantName = "[No Variations]"
Add component (AddParameter): Name = "Max Operating Temperature"; Value = "155°C"; VariantName = "[No Variations]"
Add component (AddParameter): Name = "Max Power Dissipation"; Value = "125mW"; VariantName = "[No Variations]"
Add component (AddParameter): Name = "Military Standard"; Value = "Not"; VariantName = "[No Variations]"
Add component (AddParameter): Name = "Min Operating Temperature"; Value = "-55°C"; VariantName = "[No Variations]"
Add component (AddParameter): Name = "Mount"; Value = "Surface Mount"; VariantName = "[No Variations]"
Add component (AddParameter): Name = "Number of Pins"; Value = "2"; VariantName = "[No Variations]"
Add component (AddParameter): Name = "Package Quantity"; Value = "5000"; VariantName = "[No Variations]"
Add component (AddParameter): Name = "Packaging"; Value = "Tape and Reel"; VariantName = "[No Variations]"
Add component (AddParameter): Name = "Power Rating"; Value = "125mW"; VariantName = "[No Variations]"
Add component (AddParameter): Name = "Radiation Hardening"; Value = "No"; VariantName = "[No Variations]"
Add component (AddParameter): Name = "REACH SVHC"; Value = "No SVHC"; VariantName = "[No Variations]"
Add component (AddParameter): Name = "Resistance"; Value = "0mR"; VariantName = "[No Variations]"
Add component (AddParameter): Name = "Temperature Coefficient"; Value = "500ppm/°C"; VariantName = "[No Variations]"
Add component (AddParameter): Name = "Termination"; Value = "SMD/SMT"; VariantName = "[No Variations]"
Add component (AddParameter): Name = "Thickness"; Value = "508um"; VariantName = "[No Variations]"
Add component (AddParameter): Name = "Tolerance"; Value = "5%"; VariantName = "[No Variations]"
Add component (AddParameter): Name = "Voltage Rating"; Value = "150V"; VariantName = "[No Variations]"
Add component (AddParameter): Name = "Voltage Rating (DC)"; Value = "150V"; VariantName = "[No Variations]"
Add component (AddParameter): Name = "Width"; Value = "1.25mm"; VariantName = "[No Variations]"
Added Component: Designator=R8(FP-CR0805-IPC_C)
Add component (AddParameter): Name = "Case Code (Imperial)"; Value = "0805"; VariantName = "[No Variations]"
Add component (AddParameter): Name = "Case Code (Metric)"; Value = "2012"; VariantName = "[No Variations]"
Add component (AddParameter): Name = "Case/Package"; Value = "0805"; VariantName = "[No Variations]"
Add component (AddParameter): Name = "Composition"; Value = "Thick Film"; VariantName = "[No Variations]"
Add component (AddParameter): Name = "Contact Plating"; Value = "Tin"; VariantName = "[No Variations]"
Add component (AddParameter): Name = "Depth"; Value = "1.25mm"; VariantName = "[No Variations]"
Add component (AddParameter): Name = "Height"; Value = "0.5mm"; VariantName = "[No Variations]"
Add component (AddParameter): Name = "Length"; Value = "2mm"; VariantName = "[No Variations]"
Add component (AddParameter): Name = "Max Operating Temperature"; Value = "155°C"; VariantName = "[No Variations]"
Add component (AddParameter): Name = "Max Power Dissipation"; Value = "125mW"; VariantName = "[No Variations]"
Add component (AddParameter): Name = "Military Standard"; Value = "Not"; VariantName = "[No Variations]"
Add component (AddParameter): Name = "Min Operating Temperature"; Value = "-55°C"; VariantName = "[No Variations]"
Add component (AddParameter): Name = "Mount"; Value = "Surface Mount"; VariantName = "[No Variations]"
Add component (AddParameter): Name = "Number of Pins"; Value = "2"; VariantName = "[No Variations]"
Add component (AddParameter): Name = "Package Quantity"; Value = "5000"; VariantName = "[No Variations]"
Add component (AddParameter): Name = "Packaging"; Value = "Tape and Reel"; VariantName = "[No Variations]"
Add component (AddParameter): Name = "Power Rating"; Value = "125mW"; VariantName = "[No Variations]"
Add component (AddParameter): Name = "Radiation Hardening"; Value = "No"; VariantName = "[No Variations]"
Add component (AddParameter): Name = "REACH SVHC"; Value = "No SVHC"; VariantName = "[No Variations]"
Add component (AddParameter): Name = "Resistance"; Value = "0mR"; VariantName = "[No Variations]"
Add component (AddParameter): Name = "Temperature Coefficient"; Value = "500ppm/°C"; VariantName = "[No Variations]"
Add component (AddParameter): Name = "Termination"; Value = "SMD/SMT"; VariantName = "[No Variations]"
Add component (AddParameter): Name = "Thickness"; Value = "508um"; VariantName = "[No Variations]"
Add component (AddParameter): Name = "Tolerance"; Value = "5%"; VariantName = "[No Variations]"
Add component (AddParameter): Name = "Voltage Rating"; Value = "150V"; VariantName = "[No Variations]"
Add component (AddParameter): Name = "Voltage Rating (DC)"; Value = "150V"; VariantName = "[No Variations]"
Add component (AddParameter): Name = "Width"; Value = "1.25mm"; VariantName = "[No Variations]"
Added Pin To Net: NetName=RX_ESP Pin=R7-2
Added Pin To Net: NetName=RX_channel Pin=R8-1
Change Net Name : Old Net Name=NetJ5A_1 New Net Name=NetJ5_Stepper_Alt_1
Change Net Name : Old Net Name=NetJ5A_2 New Net Name=NetJ5_Stepper_Alt_2
Change Net Name : Old Net Name=NetJ5A_3 New Net Name=NetJ5_Stepper_Alt_3
Change Net Name : Old Net Name=NetJ5A_4 New Net Name=NetJ5_Stepper_Alt_4
Change Net Name : Old Net Name=NetJ5B_1 New Net Name=NetJ5_Stepper_AZ_1
Change Net Name : Old Net Name=NetJ5B_2 New Net Name=NetJ5_Stepper_AZ_2
Change Net Name : Old Net Name=NetJ5B_3 New Net Name=NetJ5_Stepper_AZ_3
Change Net Name : Old Net Name=NetJ5B_4 New Net Name=NetJ5_Stepper_AZ_4
Change Net Name : Old Net Name=NetP2A_1 New Net Name=NetP2_Stepper_Alt_1
Change Net Name : Old Net Name=NetP2A_2 New Net Name=NetP2_Stepper_Alt_2
Change Net Name : Old Net Name=NetP2A_3 New Net Name=NetP2_Stepper_Alt_3
Change Net Name : Old Net Name=NetP2A_4 New Net Name=NetP2_Stepper_Alt_4
Change Net Name : Old Net Name=NetP2A_5 New Net Name=NetP2_Stepper_Alt_5
Change Net Name : Old Net Name=NetP2A_7 New Net Name=NetP2_Stepper_Alt_7
Change Net Name : Old Net Name=NetP2A_8 New Net Name=NetP2_Stepper_Alt_8
Change Net Name : Old Net Name=NetP2B_1 New Net Name=NetP2_Stepper_AZ_1
Change Net Name : Old Net Name=NetP2B_2 New Net Name=NetP2_Stepper_AZ_2
Change Net Name : Old Net Name=NetP2B_3 New Net Name=NetP2_Stepper_AZ_3
Change Net Name : Old Net Name=NetP2B_4 New Net Name=NetP2_Stepper_AZ_4
Change Net Name : Old Net Name=NetP2B_5 New Net Name=NetP2_Stepper_AZ_5
Change Net Name : Old Net Name=NetP2B_7 New Net Name=NetP2_Stepper_AZ_7
Change Net Name : Old Net Name=NetP2B_8 New Net Name=NetP2_Stepper_AZ_8
Added Pin To Net: NetName=TX_channel Pin=R7-1
Added Pin To Net: NetName=TX_channel Pin=U1-3
Added Net: Name=TX_channel
Added Pin To Net: NetName=TX_ESP Pin=J1-4
Added Pin To Net: NetName=TX_ESP Pin=R8-2
Added Pin To Net: NetName=TX_ESP Pin=U2-35
Added Net: Name=TX_ESP
Added Member To Class: ClassName=Asynchronous Member=Component R7 CR0805-J/-000ELF
Added Member To Class: ClassName=Asynchronous Member=Component R8 CR0805-J/-000ELF
