Change Component Designator: OldDesignator=C?_Stepper_Alt NewDesignator=C?A
Change Component Designator: OldDesignator=C?_Stepper_AZ NewDesignator=C?B
Change Component Designator: OldDesignator=J?_Stepper_Alt NewDesignator=J?A
Change Component Designator: OldDesignator=J?_Stepper_AZ NewDesignator=J?B
Change Component Designator: OldDesignator=P?_Stepper_Alt NewDesignator=P?A
Change Component Designator: OldDesignator=P?_Stepper_Alt NewDesignator=P?A
Change Component Designator: OldDesignator=P?_Stepper_AZ NewDesignator=P?B
Change Component Designator: OldDesignator=P?_Stepper_AZ NewDesignator=P?B
Change Component Designator: OldDesignator=R?_Stepper_Alt NewDesignator=R?A
Change Component Designator: OldDesignator=R?_Stepper_Alt NewDesignator=R?A
Change Component Designator: OldDesignator=R?_Stepper_Alt NewDesignator=R?A
Change Component Designator: OldDesignator=R?_Stepper_AZ NewDesignator=R?B
Change Component Designator: OldDesignator=R?_Stepper_AZ NewDesignator=R?B
Change Component Designator: OldDesignator=R?_Stepper_AZ NewDesignator=R?B
Change Component Designator: OldDesignator=SW?_Stepper_Alt NewDesignator=SW?A
Change Component Designator: OldDesignator=SW?_Stepper_AZ NewDesignator=SW?B
Change Net Name : Old Net Name=EN_Stepper_Alt New Net Name=ENA
Change Net Name : Old Net Name=EN_Stepper_AZ New Net Name=ENB
Change Net Name : Old Net Name=NetJ?_Stepper_Alt_1 New Net Name=NetJ?A_1
Change Net Name : Old Net Name=NetJ?_Stepper_Alt_2 New Net Name=NetJ?A_2
Change Net Name : Old Net Name=NetJ?_Stepper_Alt_3 New Net Name=NetJ?A_3
Change Net Name : Old Net Name=NetJ?_Stepper_Alt_4 New Net Name=NetJ?A_4
Change Net Name : Old Net Name=NetJ?_Stepper_AZ_1 New Net Name=NetJ?B_1
Change Net Name : Old Net Name=NetJ?_Stepper_AZ_2 New Net Name=NetJ?B_2
Change Net Name : Old Net Name=NetJ?_Stepper_AZ_3 New Net Name=NetJ?B_3
Change Net Name : Old Net Name=NetJ?_Stepper_AZ_4 New Net Name=NetJ?B_4
Change Net Name : Old Net Name=NetP?_Stepper_Alt_2 New Net Name=NetP?A_2
Change Net Name : Old Net Name=NetP?_Stepper_Alt_3 New Net Name=NetP?A_3
Change Net Name : Old Net Name=NetP?_Stepper_Alt_4 New Net Name=NetP?A_4
Change Net Name : Old Net Name=NetP?_Stepper_Alt_5 New Net Name=NetP?A_5
Change Net Name : Old Net Name=NetP?_Stepper_Alt_7 New Net Name=NetP?A_7
Change Net Name : Old Net Name=NetP?_Stepper_Alt_8 New Net Name=NetP?A_8
Change Net Name : Old Net Name=NetP?_Stepper_AZ_2 New Net Name=NetP?B_2
Change Net Name : Old Net Name=NetP?_Stepper_AZ_3 New Net Name=NetP?B_3
Change Net Name : Old Net Name=NetP?_Stepper_AZ_4 New Net Name=NetP?B_4
Change Net Name : Old Net Name=NetP?_Stepper_AZ_5 New Net Name=NetP?B_5
Change Net Name : Old Net Name=NetP?_Stepper_AZ_7 New Net Name=NetP?B_7
Change Net Name : Old Net Name=NetP?_Stepper_AZ_8 New Net Name=NetP?B_8
Add Net: Net with name "NetC?_1" already exists
Add Net: Net with name "NetC?_1" already exists
Add Net: Net with name "NetC?_2" already exists
Add Net: Net with name "NetR?_1" already exists
Added Member To Class: ClassName=Asynchronous Member=Component C? 1206YD106KAT2A
Added Member To Class: ClassName=Asynchronous Member=Component C? 08055F104KAT2A
Added Member To Class: ClassName=Synchronous Member=Component C? C0805C220K3GACTU
Added Member To Class: ClassName=Synchronous Member=Component C? 1206YD106KAT2A
Added Member To Class: ClassName=Synchronous Member=Component C? C0805C220K3GACTU
Added Member To Class: ClassName=Synchronous Member=Component C? 1206YD106KAT2A
Added Member To Class: ClassName=Asynchronous Member=Component J? PEC02DABN
Added Member To Class: ClassName=Power Member=Component J? 213083-0005
Added Member To Class: ClassName=Stepper_Alt Member=Component P?A (P?) 61300811121
Added Member To Class: ClassName=Stepper_AZ Member=Component P?B (P?) 61300811121
Added Member To Class: ClassName=Stepper_Alt Member=Component R?A (R?) RC0805FR-071KL
Added Member To Class: ClassName=Stepper_Alt Member=Component R?A (R?) RC0805FR-071KL
Added Member To Class: ClassName=Stepper_AZ Member=Component R?B (R?) RC0805FR-071KL
Added Member To Class: ClassName=Stepper_AZ Member=Component R?B (R?) RC0805FR-071KL
Added Member To Class: ClassName=Power Member=Component R? RC0805FR-071KL
